<?xml version="1.0" encoding="UTF-8"?>
<!-- Generated by org.testng.reporters.JUnitReportReporter -->
<testsuite skipped="3" hostname="DESKTOP-27L8JE7" name="com.project.MavenProject3PMBatch1.ParallelTestNGMethod" tests="5" failures="0" timestamp="15 Jun 2020 10:01:13 GMT" time="26.393" errors="0">
  <testcase name="amazon" time="11.943" classname="com.project.MavenProject3PMBatch1.ParallelTestNGMethod"/>
  <testcase name="flipkart" time="14.450" classname="com.project.MavenProject3PMBatch1.ParallelTestNGMethod"/>
  <testcase name="test1" classname="com.project.MavenProject3PMBatch1.ParallelTestNGMethod">
    <skipped/>
  </testcase> <!-- test1 -->
  <testcase name="test2" classname="com.project.MavenProject3PMBatch1.ParallelTestNGMethod">
    <skipped/>
  </testcase> <!-- test2 -->
  <testcase name="test3" classname="com.project.MavenProject3PMBatch1.ParallelTestNGMethod">
    <skipped/>
  </testcase> <!-- test3 -->
</testsuite> <!-- com.project.MavenProject3PMBatch1.ParallelTestNGMethod -->
