<?xml version="1.0" encoding="UTF-8"?>
<!-- Generated by org.testng.reporters.JUnitReportReporter -->
<testsuite skipped="0" hostname="DESKTOP-27L8JE7" name="excelOperations.DataManagementwithHashTable" tests="3" failures="0" timestamp="2020-07-03T16:04:56 IST" time="0.024" errors="0">
  <testcase name="testcase" time="0.002" classname="excelOperations.DataManagementwithHashTable"/>
  <system-out/>
  <testcase name="testcase" time="0.003" classname="excelOperations.DataManagementwithHashTable"/>
  <system-out/>
  <testcase name="testcase" time="0.019" classname="excelOperations.DataManagementwithHashTable"/>
  <system-out/>
</testsuite> <!-- excelOperations.DataManagementwithHashTable -->
