<?xml version="1.0" encoding="UTF-8"?>
<!-- Generated by org.testng.reporters.JUnitReportReporter -->
<testsuite skipped="0" hostname="DESKTOP-27L8JE7" name="suiteA.TestA2" tests="1" failures="0" timestamp="15 Jun 2020 10:20:29 GMT" time="2.055" errors="0">
  <testcase name="f" time="2.055" classname="suiteA.TestA2"/>
</testsuite> <!-- suiteA.TestA2 -->
