<?xml version="1.0" encoding="UTF-8"?>
<!-- Generated by org.testng.reporters.JUnitReportReporter -->
<testsuite skipped="0" hostname="DESKTOP-27L8JE7" name="com.project.MavenProject3PMBatch.NewTest" tests="1" failures="0" timestamp="10 Jun 2020 09:46:36 GMT" time="0.039" errors="0">
  <testcase name="f" time="0.039" classname="com.project.MavenProject3PMBatch.NewTest"/>
</testsuite> <!-- com.project.MavenProject3PMBatch.NewTest -->
