<?xml version="1.0" encoding="UTF-8"?>
<!-- Generated by org.testng.reporters.JUnitReportReporter -->
<testsuite skipped="0" hostname="DESKTOP-27L8JE7" name="com.project.MavenProject3PMBatch1.TC_002" tests="1" failures="0" timestamp="2020-08-11T15:19:21 IST" time="39.867" errors="0">
  <testcase name="amazon" time="39.867" classname="com.project.MavenProject3PMBatch1.TC_002"/>
  <system-out/>
</testsuite> <!-- com.project.MavenProject3PMBatch1.TC_002 -->
