<?xml version="1.0" encoding="UTF-8"?>
<!-- Generated by org.testng.reporters.JUnitReportReporter -->
<testsuite skipped="0" hostname="DESKTOP-27L8JE7" name="suiteA.TestA3" tests="1" failures="0" timestamp="15 Jun 2020 10:20:29 GMT" time="2.002" errors="0">
  <testcase name="f" time="2.002" classname="suiteA.TestA3"/>
</testsuite> <!-- suiteA.TestA3 -->
