<?xml version="1.0" encoding="UTF-8"?>
<!-- Generated by org.testng.reporters.JUnitReportReporter -->
<testsuite skipped="0" hostname="DESKTOP-27L8JE7" name="com.project.MavenProject3PMBatch1.CheckBox1" tests="1" failures="0" timestamp="16 Jun 2020 10:01:18 GMT" time="11.429" errors="0">
  <testcase name="checkboxTest" time="11.429" classname="com.project.MavenProject3PMBatch1.CheckBox1"/>
</testsuite> <!-- com.project.MavenProject3PMBatch1.CheckBox1 -->
