<?xml version="1.0" encoding="UTF-8"?>
<!-- Generated by org.testng.reporters.JUnitReportReporter -->
<testsuite skipped="1" hostname="DESKTOP-27L8JE7" name="com.project.MavenProject3PMBatch.TC_001" tests="3" failures="0" timestamp="10 Jun 2020 10:15:58 GMT" time="0.038" errors="0">
  <testcase name="f" time="0.030" classname="com.project.MavenProject3PMBatch.TC_001"/>
  <testcase name="a" time="0.008" classname="com.project.MavenProject3PMBatch.TC_001"/>
  <testcase name="z" classname="com.project.MavenProject3PMBatch.TC_001">
    <skipped/>
  </testcase> <!-- z -->
</testsuite> <!-- com.project.MavenProject3PMBatch.TC_001 -->
