<?xml version="1.0" encoding="UTF-8"?>
<!-- Generated by org.testng.reporters.JUnitReportReporter -->
<testsuite skipped="0" hostname="DESKTOP-27L8JE7" name="pageObjectmodel.POM" tests="1" failures="0" timestamp="2020-07-07T15:50:24 IST" time="15.582" errors="0">
  <testcase name="login" time="15.582" classname="pageObjectmodel.POM"/>
  <system-out/>
</testsuite> <!-- pageObjectmodel.POM -->
