<?xml version="1.0" encoding="UTF-8"?>
<!-- Generated by org.testng.reporters.JUnitReportReporter -->
<testsuite skipped="2" hostname="DESKTOP-27L8JE7" name="com.project.MavenProject3PMBatch1.TestDependency" tests="4" failures="0" timestamp="16 Jun 2020 10:15:07 GMT" time="0.034" errors="0">
  <testcase name="orange" time="0.026" classname="com.project.MavenProject3PMBatch1.TestDependency"/>
  <testcase name="white" time="0.003" classname="com.project.MavenProject3PMBatch1.TestDependency"/>
  <testcase name="blue" time="0.005" classname="com.project.MavenProject3PMBatch1.TestDependency">
    <skipped/>
  </testcase> <!-- blue -->
  <testcase name="green" time="0.000" classname="com.project.MavenProject3PMBatch1.TestDependency">
    <skipped/>
  </testcase> <!-- green -->
</testsuite> <!-- com.project.MavenProject3PMBatch1.TestDependency -->
