<?xml version="1.0" encoding="UTF-8"?>
<!-- Generated by org.testng.reporters.JUnitReportReporter -->
<testsuite skipped="0" hostname="DESKTOP-27L8JE7" name="com.project.MavenProject3PMBatch1.TC_002" tests="1" failures="0" timestamp="11 Aug 2020 10:08:12 GMT" time="26.095" errors="0">
  <testcase name="amazon" time="26.095" classname="com.project.MavenProject3PMBatch1.TC_002"/>
</testsuite> <!-- com.project.MavenProject3PMBatch1.TC_002 -->
